<?xml version="1.0" encoding="UTF-8"?>
<testng-results ignored="1" total="4" passed="2" failed="1" skipped="0">
  <reporter-output>
  </reporter-output>
  <suite started-at="2022-11-08T17:33:33 IST" name="Suite" finished-at="2022-11-08T17:34:29 IST" duration-ms="55897">
    <groups>
    </groups>
    <test started-at="2022-11-08T17:33:33 IST" name="Test" finished-at="2022-11-08T17:34:29 IST" duration-ms="55897">
      <class name="tests.Homepage.ValidateHomepage">
        <test-method signature="homepageElements()[pri:0, instance:tests.Homepage.ValidateHomepage@a4add54]" started-at="2022-11-08T17:33:47 IST" name="homepageElements" finished-at="2022-11-08T17:34:06 IST" duration-ms="18307" status="PASS">
          <reporter-output>
          </reporter-output>
        </test-method> <!-- homepageElements -->
        <test-method signature="validateRightPanelText()[pri:0, instance:tests.Homepage.ValidateHomepage@a4add54]" started-at="2022-11-08T17:34:06 IST" name="validateRightPanelText" finished-at="2022-11-08T17:34:28 IST" duration-ms="21782" status="FAIL">
          <exception class="java.lang.AssertionError">
            <message>
              <![CDATA[Default expiry time out sesion matched expected [Vikrant Bingi1] but found [Vikrant Bingi]]]>
            </message>
            <full-stacktrace>
              <![CDATA[java.lang.AssertionError: Default expiry time out sesion matched expected [Vikrant Bingi1] but found [Vikrant Bingi]
at org.testng.Assert.fail(Assert.java:99)
at org.testng.Assert.failNotEquals(Assert.java:1037)
at org.testng.Assert.assertEqualsImpl(Assert.java:140)
at org.testng.Assert.assertEquals(Assert.java:122)
at org.testng.Assert.assertEquals(Assert.java:629)
at tests.Homepage.ValidateHomepage.validateRightPanelText(ValidateHomepage.java:67)
at java.base/jdk.internal.reflect.NativeMethodAccessorImpl.invoke0(Native Method)
at java.base/jdk.internal.reflect.NativeMethodAccessorImpl.invoke(NativeMethodAccessorImpl.java:77)
at java.base/jdk.internal.reflect.DelegatingMethodAccessorImpl.invoke(DelegatingMethodAccessorImpl.java:43)
at java.base/java.lang.reflect.Method.invoke(Method.java:568)
at org.testng.internal.MethodInvocationHelper.invokeMethod(MethodInvocationHelper.java:133)
at org.testng.internal.TestInvoker.invokeMethod(TestInvoker.java:598)
at org.testng.internal.TestInvoker.invokeTestMethod(TestInvoker.java:173)
at org.testng.internal.MethodRunner.runInSequence(MethodRunner.java:46)
at org.testng.internal.TestInvoker$MethodInvocationAgent.invoke(TestInvoker.java:824)
at org.testng.internal.TestInvoker.invokeTestMethods(TestInvoker.java:146)
at org.testng.internal.TestMethodWorker.invokeTestMethods(TestMethodWorker.java:146)
at org.testng.internal.TestMethodWorker.run(TestMethodWorker.java:128)
at java.base/java.util.ArrayList.forEach(ArrayList.java:1511)
at org.testng.TestRunner.privateRun(TestRunner.java:794)
at org.testng.TestRunner.run(TestRunner.java:596)
at org.testng.SuiteRunner.runTest(SuiteRunner.java:377)
at org.testng.SuiteRunner.runSequentially(SuiteRunner.java:371)
at org.testng.SuiteRunner.privateRun(SuiteRunner.java:332)
at org.testng.SuiteRunner.run(SuiteRunner.java:276)
at org.testng.SuiteRunnerWorker.runSuite(SuiteRunnerWorker.java:53)
at org.testng.SuiteRunnerWorker.run(SuiteRunnerWorker.java:96)
at org.testng.TestNG.runSuitesSequentially(TestNG.java:1212)
at org.testng.TestNG.runSuitesLocally(TestNG.java:1134)
at org.testng.TestNG.runSuites(TestNG.java:1063)
at org.testng.TestNG.run(TestNG.java:1031)
at org.testng.remote.AbstractRemoteTestNG.run(AbstractRemoteTestNG.java:115)
at org.testng.remote.RemoteTestNG.initAndRun(RemoteTestNG.java:251)
at org.testng.remote.RemoteTestNG.main(RemoteTestNG.java:77)
]]>
            </full-stacktrace>
          </exception> <!-- java.lang.AssertionError -->
          <reporter-output>
          </reporter-output>
        </test-method> <!-- validateRightPanelText -->
        <test-method is-config="true" signature="tearDown()[pri:0, instance:tests.Homepage.ValidateHomepage@a4add54]" started-at="2022-11-08T17:34:28 IST" name="tearDown" finished-at="2022-11-08T17:34:29 IST" duration-ms="976" status="PASS">
          <reporter-output>
          </reporter-output>
        </test-method> <!-- tearDown -->
      </class> <!-- tests.Homepage.ValidateHomepage -->
      <class name="tests.LoginPage">
        <test-method signature="validatelogin()[pri:0, instance:tests.LoginPage@1800a575]" started-at="2022-11-08T17:33:33 IST" name="validatelogin" finished-at="2022-11-08T17:33:47 IST" duration-ms="14772" status="PASS">
          <reporter-output>
          </reporter-output>
        </test-method> <!-- validatelogin -->
      </class> <!-- tests.LoginPage -->
    </test> <!-- Test -->
  </suite> <!-- Suite -->
</testng-results>
