<?xml version="1.0" encoding="UTF-8"?>
<!-- Generated by org.testng.reporters.JUnitReportReporter -->
<testsuite hostname="LMPITSJ8NH6Q3" failures="0" tests="1" name="tests.mainMyLeaves.myLeaves.LeavePlan" time="17.383" errors="1" timestamp="2022-11-09T22:22:38 IST" skipped="0">
  <testcase classname="tests.mainMyLeaves.myLeaves.LeavePlan" name="validateMyLeaves" time="17.383">
    <error message="element click intercepted: Element &lt;input type=&quot;submit&quot; id=&quot;idSIButton9&quot; class=&quot;win-button button_primary button ext-button primary ext-primary&quot; data-report-event=&quot;Signin_Submit&quot; data-report-trigger=&quot;click&quot; data-report-value=&quot;Submit&quot; data-bind=&quot;
                attr: primaryButtonAttributes,
                externalCss: {
                    &#039;button&#039;: true,
                    &#039;primary&#039;: true },
                value: primaryButtonText() || str[&#039;CT_PWD_STR_SignIn_Button_Next&#039;],
                hasFocus: focusOnPrimaryButton,
                click: primaryButton_onClick,
                enable: isPrimaryButtonEnabled,
                visible: isPrimaryButtonVisible,
                preventTabbing: primaryButtonPreventTabbing&quot; value=&quot;Next&quot;&gt; is not clickable at point (753, 336). Other element would receive the click: &lt;div class=&quot;lightbox-cover disable-lightbox&quot; data-bind=&quot;css: { &#039;disable-lightbox&#039;: svr.fAllowGrayOutLightBox &amp;amp;&amp;amp; showLightboxProgress() }&quot;&gt;&lt;/div&gt;
  (Session info: chrome=107.0.5304.106)
Build info: version: &#039;4.5.3&#039;, revision: &#039;4b786a1e430&#039;
System info: os.name: &#039;Windows 11&#039;, os.arch: &#039;amd64&#039;, os.version: &#039;10.0&#039;, java.version: &#039;17.0.4.1&#039;
Driver info: org.openqa.selenium.chrome.ChromeDriver
Command: [25e7b62077097326b028e3b8ec80121d, clickElement {id=5ff37cc8-f14b-4d2b-8670-9d274d44ee9c}]
Capabilities {acceptInsecureCerts: false, browserName: chrome, browserVersion: 107.0.5304.106, chrome: {chromedriverVersion: 107.0.5304.62 (1eec40d3a576..., userDataDir: C:\Users\P50096~1\AppData\L...}, goog:chromeOptions: {debuggerAddress: localhost:50695}, networkConnectionEnabled: false, pageLoadStrategy: normal, platformName: WINDOWS, proxy: Proxy(), se:cdp: ws://localhost:50695/devtoo..., se:cdpVersion: 107.0.5304.106, setWindowRect: true, strictFileInteractability: false, timeouts: {implicit: 0, pageLoad: 300000, script: 30000}, unhandledPromptBehavior: dismiss and notify, webauthn:extension:credBlob: true, webauthn:extension:largeBlob: true, webauthn:virtualAuthenticators: true}
Element: [[ChromeDriver: chrome on WINDOWS (25e7b62077097326b028e3b8ec80121d)] -&gt; xpath: //input[@type=&#039;submit&#039;]]
Session ID: 25e7b62077097326b028e3b8ec80121d" type="org.openqa.selenium.ElementClickInterceptedException">
      <![CDATA[org.openqa.selenium.ElementClickInterceptedException: element click intercepted: Element <input type="submit" id="idSIButton9" class="win-button button_primary button ext-button primary ext-primary" data-report-event="Signin_Submit" data-report-trigger="click" data-report-value="Submit" data-bind="
                attr: primaryButtonAttributes,
                externalCss: {
                    'button': true,
                    'primary': true },
                value: primaryButtonText() || str['CT_PWD_STR_SignIn_Button_Next'],
                hasFocus: focusOnPrimaryButton,
                click: primaryButton_onClick,
                enable: isPrimaryButtonEnabled,
                visible: isPrimaryButtonVisible,
                preventTabbing: primaryButtonPreventTabbing" value="Next"> is not clickable at point (753, 336). Other element would receive the click: <div class="lightbox-cover disable-lightbox" data-bind="css: { 'disable-lightbox': svr.fAllowGrayOutLightBox &amp;&amp; showLightboxProgress() }"></div>
  (Session info: chrome=107.0.5304.106)
Build info: version: '4.5.3', revision: '4b786a1e430'
System info: os.name: 'Windows 11', os.arch: 'amd64', os.version: '10.0', java.version: '17.0.4.1'
Driver info: org.openqa.selenium.chrome.ChromeDriver
Command: [25e7b62077097326b028e3b8ec80121d, clickElement {id=5ff37cc8-f14b-4d2b-8670-9d274d44ee9c}]
Capabilities {acceptInsecureCerts: false, browserName: chrome, browserVersion: 107.0.5304.106, chrome: {chromedriverVersion: 107.0.5304.62 (1eec40d3a576..., userDataDir: C:\Users\P50096~1\AppData\L...}, goog:chromeOptions: {debuggerAddress: localhost:50695}, networkConnectionEnabled: false, pageLoadStrategy: normal, platformName: WINDOWS, proxy: Proxy(), se:cdp: ws://localhost:50695/devtoo..., se:cdpVersion: 107.0.5304.106, setWindowRect: true, strictFileInteractability: false, timeouts: {implicit: 0, pageLoad: 300000, script: 30000}, unhandledPromptBehavior: dismiss and notify, webauthn:extension:credBlob: true, webauthn:extension:largeBlob: true, webauthn:virtualAuthenticators: true}
Element: [[ChromeDriver: chrome on WINDOWS (25e7b62077097326b028e3b8ec80121d)] -> xpath: //input[@type='submit']]
Session ID: 25e7b62077097326b028e3b8ec80121d
at java.base/jdk.internal.reflect.NativeConstructorAccessorImpl.newInstance0(Native Method)
at java.base/jdk.internal.reflect.NativeConstructorAccessorImpl.newInstance(NativeConstructorAccessorImpl.java:77)
at java.base/jdk.internal.reflect.DelegatingConstructorAccessorImpl.newInstance(DelegatingConstructorAccessorImpl.java:45)
at java.base/java.lang.reflect.Constructor.newInstanceWithCaller(Constructor.java:499)
at java.base/java.lang.reflect.Constructor.newInstance(Constructor.java:480)
at org.openqa.selenium.remote.codec.w3c.W3CHttpResponseCodec.createException(W3CHttpResponseCodec.java:200)
at org.openqa.selenium.remote.codec.w3c.W3CHttpResponseCodec.decode(W3CHttpResponseCodec.java:133)
at org.openqa.selenium.remote.codec.w3c.W3CHttpResponseCodec.decode(W3CHttpResponseCodec.java:53)
at org.openqa.selenium.remote.HttpCommandExecutor.execute(HttpCommandExecutor.java:184)
at org.openqa.selenium.remote.service.DriverCommandExecutor.invokeExecute(DriverCommandExecutor.java:167)
at org.openqa.selenium.remote.service.DriverCommandExecutor.execute(DriverCommandExecutor.java:142)
at org.openqa.selenium.remote.RemoteWebDriver.execute(RemoteWebDriver.java:541)
at org.openqa.selenium.remote.RemoteWebElement.execute(RemoteWebElement.java:257)
at org.openqa.selenium.remote.RemoteWebElement.click(RemoteWebElement.java:78)
at pageObjects.LoginPageObject.getpassnextbtn(LoginPageObject.java:39)
at tests.LoginPage.validatelogin(LoginPage.java:53)
at tests.mainMyLeaves.myLeaves.LeavePlan.validateMyLeaves(LeavePlan.java:21)
at java.base/jdk.internal.reflect.NativeMethodAccessorImpl.invoke0(Native Method)
at java.base/jdk.internal.reflect.NativeMethodAccessorImpl.invoke(NativeMethodAccessorImpl.java:77)
at java.base/jdk.internal.reflect.DelegatingMethodAccessorImpl.invoke(DelegatingMethodAccessorImpl.java:43)
at java.base/java.lang.reflect.Method.invoke(Method.java:568)
at org.testng.internal.MethodInvocationHelper.invokeMethod(MethodInvocationHelper.java:133)
at org.testng.internal.TestInvoker.invokeMethod(TestInvoker.java:598)
at org.testng.internal.TestInvoker.invokeTestMethod(TestInvoker.java:173)
at org.testng.internal.MethodRunner.runInSequence(MethodRunner.java:46)
at org.testng.internal.TestInvoker$MethodInvocationAgent.invoke(TestInvoker.java:824)
at org.testng.internal.TestInvoker.invokeTestMethods(TestInvoker.java:146)
at org.testng.internal.TestMethodWorker.invokeTestMethods(TestMethodWorker.java:146)
at org.testng.internal.TestMethodWorker.run(TestMethodWorker.java:128)
at java.base/java.util.ArrayList.forEach(ArrayList.java:1511)
at org.testng.TestRunner.privateRun(TestRunner.java:794)
at org.testng.TestRunner.run(TestRunner.java:596)
at org.testng.SuiteRunner.runTest(SuiteRunner.java:377)
at org.testng.SuiteRunner.runSequentially(SuiteRunner.java:371)
at org.testng.SuiteRunner.privateRun(SuiteRunner.java:332)
at org.testng.SuiteRunner.run(SuiteRunner.java:276)
at org.testng.SuiteRunnerWorker.runSuite(SuiteRunnerWorker.java:53)
at org.testng.SuiteRunnerWorker.run(SuiteRunnerWorker.java:96)
at org.testng.TestNG.runSuitesSequentially(TestNG.java:1212)
at org.testng.TestNG.runSuitesLocally(TestNG.java:1134)
at org.testng.TestNG.runSuites(TestNG.java:1063)
at org.testng.TestNG.run(TestNG.java:1031)
at org.testng.remote.AbstractRemoteTestNG.run(AbstractRemoteTestNG.java:115)
at org.testng.remote.RemoteTestNG.initAndRun(RemoteTestNG.java:251)
at org.testng.remote.RemoteTestNG.main(RemoteTestNG.java:77)
]]>
    </error>
  </testcase> <!-- validateMyLeaves -->
  <system-out/>
</testsuite> <!-- tests.mainMyLeaves.myLeaves.LeavePlan -->
